[17:14:28] [main/INFO]: ModLauncher running: args [--gameDir, ., --launchTarget, fmlserver, --fml.forgeVersion, 35.1.4, --fml.mcpVersion, 20201102.104115, --fml.mcVersion, 1.16.4, --fml.forgeGroup, net.minecraftforge]
[17:14:28] [main/INFO]: ModLauncher 8.0.6+85+master.325de55 starting: java version 1.8.0_212 by IcedTea
[17:14:28] [main/INFO]: Added Lets Encrypt root certificates as additional trust
[17:14:29] [main/INFO]: SpongePowered MIXIN Subsystem Version=0.8.2 Source=file:/data/libraries/org/spongepowered/mixin/0.8.2/mixin-0.8.2.jar Service=ModLauncher Env=SERVER
[17:14:29] [main/ERROR]: Missing language javafml version [36,) wanted by collective-1.16.5-1.56.jar, found 35.1
[17:14:29] [main/ERROR]: Missing language javafml version [36,) wanted by treeharvester_1.16.5-2.2.jar, found 35.1
[17:14:29] [main/INFO]: Launching target 'fmlserver' with arguments [--gameDir, .]
[17:14:34] [main/FATAL]: Error during pre-loading phase
net.minecraftforge.fml.ModLoadingException: Mod File collective-1.16.5-1.56.jar needs language provider javafml:36 or above to load
§7We have found 35.1
	at net.minecraftforge.fml.ModLoadingException.lambda$fromEarlyException$0(ModLoadingException.java:64) ~[forge:?]
	at java.util.stream.ReferencePipeline$3$1.accept(ReferencePipeline.java:193) ~[?:1.8.0_212]
	at java.util.ArrayList$ArrayListSpliterator.forEachRemaining(ArrayList.java:1382) ~[?:1.8.0_212]
	at java.util.stream.AbstractPipeline.copyInto(AbstractPipeline.java:482) ~[?:1.8.0_212]
	at java.util.stream.AbstractPipeline.wrapAndCopyInto(AbstractPipeline.java:472) ~[?:1.8.0_212]
	at java.util.stream.ForEachOps$ForEachOp.evaluateSequential(ForEachOps.java:151) ~[?:1.8.0_212]
	at java.util.stream.ForEachOps$ForEachOp$OfRef.evaluateSequential(ForEachOps.java:174) ~[?:1.8.0_212]
	at java.util.stream.AbstractPipeline.evaluate(AbstractPipeline.java:234) ~[?:1.8.0_212]
	at java.util.stream.ReferencePipeline.forEach(ReferencePipeline.java:418) ~[?:1.8.0_212]
	at java.util.stream.ReferencePipeline$7$1.accept(ReferencePipeline.java:270) ~[?:1.8.0_212]
	at java.util.ArrayList$ArrayListSpliterator.forEachRemaining(ArrayList.java:1382) ~[?:1.8.0_212]
	at java.util.stream.AbstractPipeline.copyInto(AbstractPipeline.java:482) ~[?:1.8.0_212]
	at java.util.stream.AbstractPipeline.wrapAndCopyInto(AbstractPipeline.java:472) ~[?:1.8.0_212]
	at java.util.stream.ReduceOps$ReduceOp.evaluateSequential(ReduceOps.java:708) ~[?:1.8.0_212]
	at java.util.stream.AbstractPipeline.evaluate(AbstractPipeline.java:234) ~[?:1.8.0_212]
	at java.util.stream.ReferencePipeline.collect(ReferencePipeline.java:499) ~[?:1.8.0_212]
	at net.minecraftforge.fml.ModLoader.<init>(ModLoader.java:114) ~[forge:?]
	at net.minecraftforge.fml.ModLoader.get(ModLoader.java:148) ~[forge:?]
	at net.minecraftforge.fml.server.ServerModLoader.load(ServerModLoader.java:44) ~[forge:?]
	at net.minecraft.server.Main.main(Main.java:95) ~[?:?]
	at sun.reflect.NativeMethodAccessorImpl.invoke0(Native Method) ~[?:1.8.0_212]
	at sun.reflect.NativeMethodAccessorImpl.invoke(NativeMethodAccessorImpl.java:62) ~[?:1.8.0_212]
	at sun.reflect.DelegatingMethodAccessorImpl.invoke(DelegatingMethodAccessorImpl.java:43) ~[?:1.8.0_212]
	at java.lang.reflect.Method.invoke(Method.java:498) ~[?:1.8.0_212]
	at net.minecraftforge.fml.loading.FMLServerLaunchProvider.lambda$launchService$0(FMLServerLaunchProvider.java:51) ~[forge-1.16.4-35.1.4.jar:35.1]
	at cpw.mods.modlauncher.LaunchServiceHandlerDecorator.launch(LaunchServiceHandlerDecorator.java:37) [modlauncher-8.0.6.jar:?]
	at cpw.mods.modlauncher.LaunchServiceHandler.launch(LaunchServiceHandler.java:54) [modlauncher-8.0.6.jar:?]
	at cpw.mods.modlauncher.LaunchServiceHandler.launch(LaunchServiceHandler.java:72) [modlauncher-8.0.6.jar:?]
	at cpw.mods.modlauncher.Launcher.run(Launcher.java:82) [modlauncher-8.0.6.jar:?]
	at cpw.mods.modlauncher.Launcher.main(Launcher.java:66) [modlauncher-8.0.6.jar:?]
	at net.minecraftforge.server.ServerMain$Runner.runLauncher(ServerMain.java:63) [forge-1.16.4-35.1.4.jar:?]
	at net.minecraftforge.server.ServerMain$Runner.access$100(ServerMain.java:60) [forge-1.16.4-35.1.4.jar:?]
	at net.minecraftforge.server.ServerMain.main(ServerMain.java:57) [forge-1.16.4-35.1.4.jar:?]
[17:14:34] [main/INFO]: [net.minecraft.crash.CrashReport:func_85057_a:196]: Negative index in crash report handler (16/18)
[17:14:34] [main/FATAL]: Crash report saved to ./crash-reports/crash-2021-03-06_17.14.34-fml.txt
[17:14:34] [main/FATAL]: Failed to start the minecraft server
net.minecraftforge.fml.LoadingFailedException: Loading errors encountered: [
	Mod File collective-1.16.5-1.56.jar needs language provider javafml:36 or above to load
§7We have found 35.1,
	Mod File treeharvester_1.16.5-2.2.jar needs language provider javafml:36 or above to load
§7We have found 35.1,
	Mod §ecollective§r requires §6minecraft§r §o1.16.5§r
§7Currently, §6minecraft§r§7 is §o1.16.4,
	Mod §ecollective§r requires §6forge§r §o36 or above§r
§7Currently, §6forge§r§7 is §o35.1.4
]
	at net.minecraftforge.fml.ModLoader.gatherAndInitializeMods(ModLoader.java:172) ~[forge:?]
	at net.minecraftforge.fml.server.ServerModLoader.load(ServerModLoader.java:44) ~[forge:?]
	at net.minecraft.server.Main.main(Main.java:95) ~[?:?]
	at sun.reflect.NativeMethodAccessorImpl.invoke0(Native Method) ~[?:1.8.0_212]
	at sun.reflect.NativeMethodAccessorImpl.invoke(NativeMethodAccessorImpl.java:62) ~[?:1.8.0_212]
	at sun.reflect.DelegatingMethodAccessorImpl.invoke(DelegatingMethodAccessorImpl.java:43) ~[?:1.8.0_212]
	at java.lang.reflect.Method.invoke(Method.java:498) ~[?:1.8.0_212]
	at net.minecraftforge.fml.loading.FMLServerLaunchProvider.lambda$launchService$0(FMLServerLaunchProvider.java:51) ~[forge-1.16.4-35.1.4.jar:35.1]
	at cpw.mods.modlauncher.LaunchServiceHandlerDecorator.launch(LaunchServiceHandlerDecorator.java:37) [modlauncher-8.0.6.jar:?]
	at cpw.mods.modlauncher.LaunchServiceHandler.launch(LaunchServiceHandler.java:54) [modlauncher-8.0.6.jar:?]
	at cpw.mods.modlauncher.LaunchServiceHandler.launch(LaunchServiceHandler.java:72) [modlauncher-8.0.6.jar:?]
	at cpw.mods.modlauncher.Launcher.run(Launcher.java:82) [modlauncher-8.0.6.jar:?]
	at cpw.mods.modlauncher.Launcher.main(Launcher.java:66) [modlauncher-8.0.6.jar:?]
	at net.minecraftforge.server.ServerMain$Runner.runLauncher(ServerMain.java:63) [forge-1.16.4-35.1.4.jar:?]
	at net.minecraftforge.server.ServerMain$Runner.access$100(ServerMain.java:60) [forge-1.16.4-35.1.4.jar:?]
	at net.minecraftforge.server.ServerMain.main(ServerMain.java:57) [forge-1.16.4-35.1.4.jar:?]
